<?xml version="1.0" encoding="UTF-8"?>
<!-- Generated by org.testng.reporters.JUnitXMLReporter -->
<testsuite ignored="2" hostname="DESKTOP-6TR1C2V" failures="0" tests="2" name="Default test" time="44.784" errors="0" timestamp="2025-07-17T16:21:10 IST">
  <testcase classname="skyselect_Maven.skyselect_Maven.BaseTest_Buyer" name="login" time="4.983"/>
  <testcase classname="skyselect_Maven.skyselect_Maven.Buyer_RFQ_check" name="tab_req_detail" time="29.779"/>
  <testcase classname="skyselect_Maven.skyselect_Maven.BaseTest_Buyer" name="secondtest" time="0.0">
    <ignored/>
  </testcase> <!-- secondtest -->
  <testcase classname="skyselect_Maven.skyselect_Maven.Buyer_RFQ_check" name="quote_verify" time="0.0">
    <ignored/>
  </testcase> <!-- quote_verify -->
</testsuite> <!-- Default test -->
