<?xml version="1.0" encoding="UTF-8"?>
<!-- Generated by org.testng.reporters.JUnitXMLReporter -->
<testsuite ignored="2" hostname="DESKTOP-6TR1C2V" failures="0" tests="5" name="Default test" time="59.205" errors="0" timestamp="2025-05-08T12:52:57 IST">
  <testcase classname="skyselect_Maven.skyselect_Maven.BaseTest_Buyer" name="login" time="8.277"/>
  <testcase classname="skyselect_Maven.skyselect_Maven.Buyer_Demo" name="create_rfq" time="19.468"/>
  <testcase classname="skyselect_Maven.skyselect_Maven.Buyer_Demo" name="rfq_check" time="0.12"/>
  <testcase classname="skyselect_Maven.skyselect_Maven.Buyer_Demo" name="qc_action_1" time="0.104"/>
  <testcase classname="skyselect_Maven.skyselect_Maven.Buyer_Demo" name="qc_check" time="22.877"/>
  <testcase classname="skyselect_Maven.skyselect_Maven.Buyer_Demo" name="buyerlogin" time="0.0">
    <ignored/>
  </testcase> <!-- buyerlogin -->
  <testcase classname="skyselect_Maven.skyselect_Maven.BaseTest_Buyer" name="secondtest" time="0.0">
    <ignored/>
  </testcase> <!-- secondtest -->
</testsuite> <!-- Default test -->
