<?xml version="1.0" encoding="UTF-8"?>
<!-- Generated by org.testng.reporters.JUnitXMLReporter -->
<testsuite ignored="4" hostname="DESKTOP-6TR1C2V" failures="0" tests="1" name="Check Demo" time="14.358" errors="0" timestamp="2025-03-19T12:12:04 IST">
  <testcase classname="skyselect_Maven.skyselect_Maven.Buyer_Demo" name="Buyer_login" time="3.28"/>
  <testcase classname="skyselect_Maven.skyselect_Maven.Buyer_Demo" name="verify_All_Pages_Buyer" time="0.0">
    <ignored/>
  </testcase> <!-- verify_All_Pages_Buyer -->
  <testcase classname="skyselect_Maven.skyselect_Maven.Buyer_Demo" name="create_rfq" time="0.0">
    <ignored/>
  </testcase> <!-- create_rfq -->
  <testcase classname="skyselect_Maven.skyselect_Maven.Buyer_Demo" name="create_order" time="0.0">
    <ignored/>
  </testcase> <!-- create_order -->
  <testcase classname="skyselect_Maven.skyselect_Maven.Buyer_Demo" name="Awarding_Page" time="0.0">
    <ignored/>
  </testcase> <!-- Awarding_Page -->
</testsuite> <!-- Check Demo -->
