<?xml version="1.0" encoding="UTF-8"?>
<!-- Generated by org.testng.reporters.JUnitXMLReporter -->
<testsuite ignored="0" hostname="DESKTOP-6TR1C2V" failures="0" tests="6" name="Check Demo" time="57.332" errors="0" timestamp="2024-09-15T11:25:15 IST">
  <testcase classname="skyselect_Maven.skyselect_Maven.NewTest" name="firsttest" time="0.006"/>
  <testcase classname="skyselect_Maven.skyselect_Maven.NewTest" name="secondtest" time="0.002"/>
  <testcase classname="skyselect_Maven.skyselect_Maven.Login_Demo" name="logintrial" time="3.25"/>
  <testcase classname="skyselect_Maven.skyselect_Maven.Login_Demo" name="verify_All_Pages_Buyer" time="24.511"/>
  <testcase classname="skyselect_Maven.skyselect_Maven.supplier_Demo" name="supplire_login" time="3.354"/>
  <testcase classname="skyselect_Maven.skyselect_Maven.supplier_Demo" name="verify_All_Pages_Supplier" time="20.448"/>
</testsuite> <!-- Check Demo -->
