<?xml version="1.0" encoding="UTF-8"?>
<testng-results ignored="0" total="2" passed="2" failed="0" skipped="0">
  <reporter-output>
    <line>
      <![CDATA[RFQ Dashboard opened]]>
    </line>
    <line>
      <![CDATA[[2025-07-17 16:20:39] RFQ Dashboard Opened]]>
    </line>
    <line>
      <![CDATA[Tender Opened]]>
    </line>
    <line>
      <![CDATA[[2025-07-17 16:21:01] Tender Opened]]>
    </line>
    <line>
      <![CDATA[Request Details Open]]>
    </line>
    <line>
      <![CDATA[[2025-07-17 16:21:02] Request Details Open]]>
    </line>
    <line>
      <![CDATA[RFQ type
Outright purchases]]>
    </line>
    <line>
      <![CDATA[[2025-07-17 16:21:03] RFQ type
Outright purchases]]>
    </line>
    <line>
      <![CDATA[Priority
Routine]]>
    </line>
    <line>
      <![CDATA[[2025-07-17 16:21:03] Priority
Routine]]>
    </line>
    <line>
      <![CDATA[Buyer
Buyer, Air India]]>
    </line>
    <line>
      <![CDATA[[2025-07-17 16:21:04] Buyer
Buyer, Air India]]>
    </line>
    <line>
      <![CDATA[Team]]>
    </line>
    <line>
      <![CDATA[[2025-07-17 16:21:04] Team]]>
    </line>
    <line>
      <![CDATA[Folder
Buyer]]>
    </line>
    <line>
      <![CDATA[[2025-07-17 16:21:05] Folder
Buyer]]>
    </line>
    <line>
      <![CDATA[Location
Lennart Meri Tallinn Airport]]>
    </line>
    <line>
      <![CDATA[[2025-07-17 16:21:05] Location
Lennart Meri Tallinn Airport]]>
    </line>
    <line>
      <![CDATA[Reference number
REF_123]]>
    </line>
    <line>
      <![CDATA[[2025-07-17 16:21:06] Reference number
REF_123]]>
    </line>
    <line>
      <![CDATA[Published
Jul 8, 2025 23:11]]>
    </line>
    <line>
      <![CDATA[[2025-07-17 16:21:06] Published
Jul 8, 2025 23:11]]>
    </line>
    <line>
      <![CDATA[End time
Jul 9, 2025 23:22]]>
    </line>
    <line>
      <![CDATA[[2025-07-17 16:21:07] End time
Jul 9, 2025 23:22]]>
    </line>
    <line>
      <![CDATA[Original end time
Jul 9, 2025 23:20]]>
    </line>
    <line>
      <![CDATA[[2025-07-17 16:21:07] Original end time
Jul 9, 2025 23:20]]>
    </line>
    <line>
      <![CDATA[Tail number
TL123]]>
    </line>
    <line>
      <![CDATA[[2025-07-17 16:21:08] Tail number
TL123]]>
    </line>
  </reporter-output>
  <suite started-at="2025-07-17T16:20:25 IST" name="Default suite" finished-at="2025-07-17T16:21:10 IST" duration-ms="44784">
    <groups>
    </groups>
    <test started-at="2025-07-17T16:20:25 IST" name="Default test" finished-at="2025-07-17T16:21:10 IST" duration-ms="44784">
      <class name="skyselect_Maven.skyselect_Maven.Buyer_RFQ_check">
        <test-method is-config="true" signature="beforeClass()[pri:0, instance:skyselect_Maven.skyselect_Maven.Buyer_RFQ_check@fa4c865]" started-at="2025-07-17T16:20:25 IST" name="beforeClass" finished-at="2025-07-17T16:20:32 IST" duration-ms="6904" status="PASS">
          <reporter-output>
          </reporter-output>
        </test-method> <!-- beforeClass -->
        <test-method signature="login(java.lang.String,java.lang.String)[pri:0, instance:skyselect_Maven.skyselect_Maven.Buyer_RFQ_check@fa4c865]" started-at="2025-07-17T16:20:32 IST" name="login" data-provider="loginData" finished-at="2025-07-17T16:20:37 IST" duration-ms="4983" status="PASS">
          <params>
            <param index="0">
              <value>
                <![CDATA[sales@airindia.com]]>
              </value>
            </param>
            <param index="1">
              <value>
                <![CDATA[Test@123]]>
              </value>
            </param>
          </params>
          <reporter-output>
          </reporter-output>
        </test-method> <!-- login -->
        <test-method is-config="true" signature="beforeMethod()[pri:0, instance:skyselect_Maven.skyselect_Maven.Buyer_RFQ_check@fa4c865]" started-at="2025-07-17T16:20:32 IST" name="beforeMethod" finished-at="2025-07-17T16:20:32 IST" duration-ms="0" status="PASS">
          <reporter-output>
          </reporter-output>
        </test-method> <!-- beforeMethod -->
        <test-method is-config="true" signature="addResultToTestRail(org.testng.ITestResult)[pri:0, instance:skyselect_Maven.skyselect_Maven.Buyer_RFQ_check@fa4c865]" started-at="2025-07-17T16:20:37 IST" name="addResultToTestRail" finished-at="2025-07-17T16:20:38 IST" duration-ms="1449" status="PASS">
          <params>
            <param index="0">
              <value>
                <![CDATA[[TestResult name=login status=SUCCESS method=BaseTest_Buyer.login(java.lang.String,java.lang.String)[pri:0, instance:skyselect_Maven.skyselect_Maven.Buyer_RFQ_check@fa4c865] output={null}]]]>
              </value>
            </param>
          </params>
          <reporter-output>
          </reporter-output>
        </test-method> <!-- addResultToTestRail -->
        <test-method signature="tab_req_detail()[pri:1, instance:skyselect_Maven.skyselect_Maven.Buyer_RFQ_check@fa4c865]" started-at="2025-07-17T16:20:38 IST" name="tab_req_detail" finished-at="2025-07-17T16:21:08 IST" duration-ms="29779" status="PASS">
          <reporter-output>
            <line>
              <![CDATA[RFQ Dashboard opened]]>
            </line>
            <line>
              <![CDATA[[2025-07-17 16:20:39] RFQ Dashboard Opened]]>
            </line>
            <line>
              <![CDATA[Tender Opened]]>
            </line>
            <line>
              <![CDATA[[2025-07-17 16:21:01] Tender Opened]]>
            </line>
            <line>
              <![CDATA[Request Details Open]]>
            </line>
            <line>
              <![CDATA[[2025-07-17 16:21:02] Request Details Open]]>
            </line>
            <line>
              <![CDATA[RFQ type
Outright purchases]]>
            </line>
            <line>
              <![CDATA[[2025-07-17 16:21:03] RFQ type
Outright purchases]]>
            </line>
            <line>
              <![CDATA[Priority
Routine]]>
            </line>
            <line>
              <![CDATA[[2025-07-17 16:21:03] Priority
Routine]]>
            </line>
            <line>
              <![CDATA[Buyer
Buyer, Air India]]>
            </line>
            <line>
              <![CDATA[[2025-07-17 16:21:04] Buyer
Buyer, Air India]]>
            </line>
            <line>
              <![CDATA[Team]]>
            </line>
            <line>
              <![CDATA[[2025-07-17 16:21:04] Team]]>
            </line>
            <line>
              <![CDATA[Folder
Buyer]]>
            </line>
            <line>
              <![CDATA[[2025-07-17 16:21:05] Folder
Buyer]]>
            </line>
            <line>
              <![CDATA[Location
Lennart Meri Tallinn Airport]]>
            </line>
            <line>
              <![CDATA[[2025-07-17 16:21:05] Location
Lennart Meri Tallinn Airport]]>
            </line>
            <line>
              <![CDATA[Reference number
REF_123]]>
            </line>
            <line>
              <![CDATA[[2025-07-17 16:21:06] Reference number
REF_123]]>
            </line>
            <line>
              <![CDATA[Published
Jul 8, 2025 23:11]]>
            </line>
            <line>
              <![CDATA[[2025-07-17 16:21:06] Published
Jul 8, 2025 23:11]]>
            </line>
            <line>
              <![CDATA[End time
Jul 9, 2025 23:22]]>
            </line>
            <line>
              <![CDATA[[2025-07-17 16:21:07] End time
Jul 9, 2025 23:22]]>
            </line>
            <line>
              <![CDATA[Original end time
Jul 9, 2025 23:20]]>
            </line>
            <line>
              <![CDATA[[2025-07-17 16:21:07] Original end time
Jul 9, 2025 23:20]]>
            </line>
            <line>
              <![CDATA[Tail number
TL123]]>
            </line>
            <line>
              <![CDATA[[2025-07-17 16:21:08] Tail number
TL123]]>
            </line>
          </reporter-output>
        </test-method> <!-- tab_req_detail -->
        <test-method is-config="true" signature="beforeMethod()[pri:0, instance:skyselect_Maven.skyselect_Maven.Buyer_RFQ_check@fa4c865]" started-at="2025-07-17T16:20:38 IST" name="beforeMethod" finished-at="2025-07-17T16:20:38 IST" duration-ms="0" status="PASS">
          <reporter-output>
          </reporter-output>
        </test-method> <!-- beforeMethod -->
        <test-method is-config="true" signature="addResultToTestRail(org.testng.ITestResult)[pri:0, instance:skyselect_Maven.skyselect_Maven.Buyer_RFQ_check@fa4c865]" started-at="2025-07-17T16:21:08 IST" name="addResultToTestRail" finished-at="2025-07-17T16:21:09 IST" duration-ms="1163" status="PASS">
          <params>
            <param index="0">
              <value>
                <![CDATA[[TestResult name=tab_req_detail status=SUCCESS method=Buyer_RFQ_check.tab_req_detail()[pri:1, instance:skyselect_Maven.skyselect_Maven.Buyer_RFQ_check@fa4c865] output=RFQ Dashboard opened]]]>
              </value>
            </param>
          </params>
          <reporter-output>
          </reporter-output>
        </test-method> <!-- addResultToTestRail -->
        <test-method is-config="true" signature="afterClass()[pri:0, instance:skyselect_Maven.skyselect_Maven.Buyer_RFQ_check@fa4c865]" started-at="2025-07-17T16:21:09 IST" name="afterClass" finished-at="2025-07-17T16:21:10 IST" duration-ms="465" status="PASS">
          <reporter-output>
          </reporter-output>
        </test-method> <!-- afterClass -->
      </class> <!-- skyselect_Maven.skyselect_Maven.Buyer_RFQ_check -->
    </test> <!-- Default test -->
  </suite> <!-- Default suite -->
</testng-results>
